<?xml version="1.0" encoding="UTF-8"?>
<!-- Generated by org.testng.reporters.JUnitReportReporter -->
<testsuite hostname="pravin" name="com.selenium_maven_18th_june.Hello_selenium" tests="1" failures="0" timestamp="18 Jun 2021 15:30:04 GMT" time="7.921" errors="0">
  <testcase name="google_search" time="7.921" classname="com.selenium_maven_18th_june.Hello_selenium"/>
</testsuite> <!-- com.selenium_maven_18th_june.Hello_selenium -->
