<?xml version="1.0" encoding="UTF-8"?>
<!-- Generated by org.testng.reporters.JUnitReportReporter -->
<testsuite hostname="pravin" name="com.selenium_maven_18th_june.Testng_demo2" tests="1" failures="0" timestamp="18 Jun 2021 15:40:40 GMT" time="0.004" errors="0">
  <testcase name="Login" time="0.004" classname="com.selenium_maven_18th_june.Testng_demo2"/>
</testsuite> <!-- com.selenium_maven_18th_june.Testng_demo2 -->
